[17:45:45] [main/INFO]: Setting user: Player470
[17:45:51] [Client thread/INFO]: LWJGL Version: 2.9.1
[17:45:55] [Client thread/ERROR]: Couldn't initialize twitch stream
[17:46:13] [Client thread/INFO]: Reloading ResourceManager: Default, FMLFileResourcePack:Forge Mod Loader, FMLFileResourcePack:Minecraft Forge, FMLFileResourcePack:Pearcel Mod
[17:46:16] [Sound Library Loader/INFO]: Sound engine started
[17:46:25] [Client thread/INFO]: Created: 512x256 textures/blocks-atlas
[17:46:26] [Client thread/INFO]: Created: 256x256 textures/items-atlas
[17:46:26] [Client thread/INFO]: Reloading ResourceManager: Default, FMLFileResourcePack:Forge Mod Loader, FMLFileResourcePack:Minecraft Forge, FMLFileResourcePack:Pearcel Mod
[17:46:28] [Client thread/INFO]: Created: 512x256 textures/blocks-atlas
[17:46:28] [Client thread/INFO]: Created: 256x256 textures/items-atlas
[17:46:30] [Sound Library Loader/INFO]: Sound engine started
[17:48:42] [Server thread/INFO]: Starting integrated minecraft server version 1.7.10
[17:48:42] [Server thread/INFO]: Generating keypair
[17:48:44] [Server thread/INFO]: Preparing start region for level 0
[17:48:46] [Server thread/INFO]: Preparing spawn area: 20%
[17:48:47] [Server thread/INFO]: Preparing spawn area: 80%
[17:48:48] [Server thread/INFO]: Changing view distance to 8, from 10
[17:48:52] [Server thread/INFO]: Player470[local:E:66f8b3cd] logged in with entity id 157 at (285.6971807383754, 4.0, -1434.1931973929532)
[17:48:52] [Server thread/INFO]: Player470 joined the game
[17:48:53] [Server thread/WARN]: Can't keep up! Did the system time change, or is the server overloaded? Running 2137ms behind, skipping 42 tick(s)
[17:49:14] [Server thread/WARN]: Can't keep up! Did the system time change, or is the server overloaded? Running 4605ms behind, skipping 92 tick(s)
[17:49:29] [Server thread/WARN]: Can't keep up! Did the system time change, or is the server overloaded? Running 2399ms behind, skipping 47 tick(s)
[17:49:36] [Server thread/INFO]: Player470 has just earned the achievement [Taking Inventory]
[17:49:37] [Client thread/INFO]: [CHAT] Player470 has just earned the achievement [Taking Inventory]
[17:49:44] [Server thread/WARN]: Can't keep up! Did the system time change, or is the server overloaded? Running 2158ms behind, skipping 43 tick(s)
[17:50:02] [Server thread/WARN]: Can't keep up! Did the system time change, or is the server overloaded? Running 2975ms behind, skipping 59 tick(s)
[17:50:24] [Server thread/WARN]: Can't keep up! Did the system time change, or is the server overloaded? Running 5581ms behind, skipping 111 tick(s)
[17:50:39] [Server thread/WARN]: Can't keep up! Did the system time change, or is the server overloaded? Running 3590ms behind, skipping 71 tick(s)
[17:50:55] [Server thread/WARN]: Can't keep up! Did the system time change, or is the server overloaded? Running 2948ms behind, skipping 58 tick(s)
[17:51:09] [Server thread/WARN]: Can't keep up! Did the system time change, or is the server overloaded? Running 2167ms behind, skipping 43 tick(s)
[17:51:25] [Server thread/INFO]: Saving and pausing game...
[17:51:25] [Server thread/INFO]: Saving chunks for level 'New World'/Overworld
[17:51:25] [Server thread/INFO]: Saving chunks for level 'New World'/Nether
[17:51:25] [Server thread/INFO]: Saving chunks for level 'New World'/The End
[17:51:36] [Server thread/INFO]: Stopping server
[17:51:36] [Server thread/INFO]: Saving players
[17:51:36] [Server thread/INFO]: Saving worlds
[17:51:36] [Server thread/INFO]: Saving chunks for level 'New World'/Overworld
[17:51:36] [Server thread/INFO]: Saving chunks for level 'New World'/Nether
[17:51:36] [Server thread/INFO]: Saving chunks for level 'New World'/The End
[17:51:41] [Client thread/INFO]: Stopping!
