[18:23:17] [main/INFO] [LaunchWrapper]: Loading tweak class name cpw.mods.fml.common.launcher.FMLTweaker
[18:23:20] [main/INFO] [LaunchWrapper]: Using primary tweak class name cpw.mods.fml.common.launcher.FMLTweaker
[18:23:20] [main/INFO] [LaunchWrapper]: Calling tweak class cpw.mods.fml.common.launcher.FMLTweaker
[18:26:00] [main/INFO] [LaunchWrapper]: Loading tweak class name cpw.mods.fml.common.launcher.FMLTweaker
[18:26:02] [main/INFO] [LaunchWrapper]: Using primary tweak class name cpw.mods.fml.common.launcher.FMLTweaker
[18:26:02] [main/INFO] [LaunchWrapper]: Calling tweak class cpw.mods.fml.common.launcher.FMLTweaker
[18:52:07] [main/INFO] [GradleStart]: username: mglidewellmagmg@gmail.com
[18:52:07] [main/INFO] [GradleStart]: accessToken: modstest
[18:52:07] [main/INFO] [GradleStart]: version: 1.6
[18:52:07] [main/INFO] [GradleStart]: Extra: [--tweakClass, cpw.mods.fml.common.launcher.FMLTweaker]
[18:52:07] [main/INFO] [GradleStart]: Password found, attempting login
[18:52:17] [main/INFO] [GradleStart]: Login Succesful!
[18:52:18] [main/INFO] [GradleStart]: Running with arguments: [--userProperties, {}, --username, MiningMark48, --userPropertiesMap, [{"name":"twitch_access_token","value":"oudlg3gbhzpjwmomi7rj4mwo5ujzl4"}], --accessToken, {REDACTED}, --assetIndex, 1.7.10, --uuid, 21ce20edaa764b45b952a15a579bd413, --userType, mojang, --assetsDir, C:/Users/MarkA/.gradle/caches/minecraft/assets, --version, 1.6, --tweakClass, cpw.mods.fml.common.launcher.FMLTweaker, --tweakClass, cpw.mods.fml.common.launcher.FMLTweaker, --tweakClass, net.minecraftforge.gradle.GradleStartCommon$GradleStartTweaker]
[18:52:18] [main/INFO] [LaunchWrapper]: Loading tweak class name cpw.mods.fml.common.launcher.FMLTweaker
[18:52:18] [main/INFO] [LaunchWrapper]: Using primary tweak class name cpw.mods.fml.common.launcher.FMLTweaker
[18:52:18] [main/WARN] [LaunchWrapper]: Tweak class name cpw.mods.fml.common.launcher.FMLTweaker has already been visited -- skipping
[18:52:18] [main/INFO] [LaunchWrapper]: Loading tweak class name net.minecraftforge.gradle.GradleStartCommon$GradleStartTweaker
[18:52:18] [main/INFO] [LaunchWrapper]: Calling tweak class cpw.mods.fml.common.launcher.FMLTweaker
[19:41:26] [main/INFO] [GradleStart]: username: mglidewellmagmg@gmail.com
[19:41:26] [main/INFO] [GradleStart]: accessToken: modstest
[19:41:26] [main/INFO] [GradleStart]: version: 1.6
[19:41:26] [main/INFO] [GradleStart]: Extra: [--tweakClass, cpw.mods.fml.common.launcher.FMLTweaker]
[19:41:26] [main/INFO] [GradleStart]: Password found, attempting login
[19:41:33] [main/INFO] [GradleStart]: Login Succesful!
[19:41:34] [main/INFO] [GradleStart]: Running with arguments: [--userProperties, {}, --username, MiningMark48, --userPropertiesMap, [{"name":"twitch_access_token","value":"oudlg3gbhzpjwmomi7rj4mwo5ujzl4"}], --accessToken, {REDACTED}, --assetIndex, 1.7.10, --uuid, 21ce20edaa764b45b952a15a579bd413, --userType, mojang, --assetsDir, C:/Users/MarkA/.gradle/caches/minecraft/assets, --version, 1.6, --tweakClass, cpw.mods.fml.common.launcher.FMLTweaker, --tweakClass, cpw.mods.fml.common.launcher.FMLTweaker, --tweakClass, net.minecraftforge.gradle.GradleStartCommon$GradleStartTweaker]
[19:41:34] [main/INFO] [LaunchWrapper]: Loading tweak class name cpw.mods.fml.common.launcher.FMLTweaker
[19:41:34] [main/INFO] [LaunchWrapper]: Using primary tweak class name cpw.mods.fml.common.launcher.FMLTweaker
[19:41:34] [main/WARN] [LaunchWrapper]: Tweak class name cpw.mods.fml.common.launcher.FMLTweaker has already been visited -- skipping
[19:41:34] [main/INFO] [LaunchWrapper]: Loading tweak class name net.minecraftforge.gradle.GradleStartCommon$GradleStartTweaker
[19:41:34] [main/INFO] [LaunchWrapper]: Calling tweak class cpw.mods.fml.common.launcher.FMLTweaker
