[13:55:24] [main/INFO]: Setting user: MiningMark48
[13:55:26] [Client thread/INFO]: LWJGL Version: 2.9.1
[13:55:34] [Client thread/INFO]: Reloading ResourceManager: Default, FMLFileResourcePack:Forge Mod Loader, FMLFileResourcePack:Minecraft Forge, FMLFileResourcePack:Not Enough Items, FMLFileResourcePack:Pearcel Mod, FMLFileResourcePack:Misc Configs
[13:55:36] [Sound Library Loader/INFO]: Sound engine started
[13:55:37] [Client thread/INFO]: Created: 16x16 textures/blocks-atlas
[13:55:37] [Client thread/INFO]: Created: 16x16 textures/items-atlas
[13:55:37] [Client thread/INFO]: Reloading ResourceManager: Default, FMLFileResourcePack:Forge Mod Loader, FMLFileResourcePack:Minecraft Forge, FMLFileResourcePack:Not Enough Items, FMLFileResourcePack:Pearcel Mod, FMLFileResourcePack:Misc Configs
[13:55:38] [Client thread/INFO]: Created: 512x256 textures/items-atlas
[13:55:41] [Client thread/INFO]: Created: 4096x2048 textures/blocks-atlas
[13:55:42] [Sound Library Loader/INFO]: Sound engine started
[13:57:21] [Server thread/INFO]: Starting integrated minecraft server version 1.7.10
[13:57:21] [Server thread/INFO]: Generating keypair
[13:57:22] [Server thread/INFO]: Preparing start region for level 0
[13:57:22] [Server thread/INFO]: Changing view distance to 4, from 10
[13:57:23] [Server thread/INFO]: MiningMark48[local:E:12d867c1] logged in with entity id 558 at (-116.48689667938555, 4.0, 552.4773964453284)
[13:57:23] [Server thread/INFO]: MiningMark48 joined the game
[13:57:26] [Client thread/INFO]: [CHAT] §aThanks for using Pearcel Mod!
[13:57:42] [Server thread/INFO]: [MiningMark48: Given [Pearcel Helmet] * 1 to MiningMark48]
[13:57:42] [Client thread/INFO]: [CHAT] Given [Pearcel Helmet] * 1 to MiningMark48
[13:57:43] [Server thread/INFO]: [MiningMark48: Given [Pearcel Chestplate] * 1 to MiningMark48]
[13:57:43] [Client thread/INFO]: [CHAT] Given [Pearcel Chestplate] * 1 to MiningMark48
[13:57:43] [Server thread/INFO]: [MiningMark48: Given [Pearcel Leggings] * 1 to MiningMark48]
[13:57:43] [Client thread/INFO]: [CHAT] Given [Pearcel Leggings] * 1 to MiningMark48
[13:57:44] [Server thread/INFO]: [MiningMark48: Given [Pearcel Boots] * 1 to MiningMark48]
[13:57:44] [Client thread/INFO]: [CHAT] Given [Pearcel Boots] * 1 to MiningMark48
[13:58:01] [Server thread/INFO]: [MiningMark48: Set own game mode to Survival Mode]
[13:58:01] [Client thread/INFO]: [CHAT] Your game mode has been updated
[13:58:29] [Server thread/INFO]: Saving and pausing game...
[13:58:29] [Server thread/INFO]: Saving chunks for level 'New World'/Overworld
[13:58:29] [Server thread/INFO]: Saving chunks for level 'New World'/Nether
[13:58:29] [Server thread/INFO]: Saving chunks for level 'New World'/The End
[13:58:30] [Server thread/INFO]: Stopping server
[13:58:30] [Server thread/INFO]: Saving players
[13:58:30] [Server thread/INFO]: Saving worlds
[13:58:30] [Server thread/INFO]: Saving chunks for level 'New World'/Overworld
[13:58:30] [Server thread/INFO]: Saving chunks for level 'New World'/Nether
[13:58:30] [Server thread/INFO]: Saving chunks for level 'New World'/The End
[13:58:31] [Client thread/INFO]: Stopping!
